2020-05-27 10:21:05,887 INFO [main] org.crow.movie.user.App [StartupInfoLogger.java : 50] Starting App on DESKTOP-2E4VBJ0 with PID 18356 (D:\eclipse_springboot\crow-movie\crow-movie-user\target\classes started by chenn in D:\eclipse_springboot\crow-movie\crow-movie-user)
2020-05-27 10:21:05,918 INFO [main] org.crow.movie.user.App [SpringApplication.java : 659] No active profile set, falling back to default profiles: default
2020-05-27 10:21:06,126 INFO [main] o.s.b.w.s.c.AnnotationConfigServletWebServerApplicationContext [AbstractApplicationContext.java : 590] Refreshing org.springframework.boot.web.servlet.context.AnnotationConfigServletWebServerApplicationContext@a4add54: startup date [Wed May 27 10:21:06 CST 2020]; root of context hierarchy
2020-05-27 10:21:09,922 INFO [main] o.s.c.s.PostProcessorRegistrationDelegate$BeanPostProcessorChecker [PostProcessorRegistrationDelegate.java : 328] Bean 'org.springframework.transaction.annotation.ProxyTransactionManagementConfiguration' of type [org.springframework.transaction.annotation.ProxyTransactionManagementConfiguration$$EnhancerBySpringCGLIB$$c2e75057] is not eligible for getting processed by all BeanPostProcessors (for example: not eligible for auto-proxying)
2020-05-27 10:21:12,994 INFO [main] o.s.b.w.e.tomcat.TomcatWebServer [TomcatWebServer.java : 91] Tomcat initialized with port(s): 9091 (http)
2020-05-27 10:21:13,211 INFO [main] o.a.coyote.http11.Http11NioProtocol [DirectJDKLog.java : 180] Initializing ProtocolHandler ["http-nio-9091"]
2020-05-27 10:21:13,233 INFO [main] o.a.catalina.core.StandardService [DirectJDKLog.java : 180] Starting service [Tomcat]
2020-05-27 10:21:13,234 INFO [main] o.a.catalina.core.StandardEngine [DirectJDKLog.java : 180] Starting Servlet Engine: Apache Tomcat/8.5.29
2020-05-27 10:21:13,254 INFO [localhost-startStop-1] o.a.c.core.AprLifecycleListener [DirectJDKLog.java : 180] Loaded APR based Apache Tomcat Native library [1.2.14] using APR version [1.6.2].
2020-05-27 10:21:13,254 INFO [localhost-startStop-1] o.a.c.core.AprLifecycleListener [DirectJDKLog.java : 180] APR capabilities: IPv6 [true], sendfile [true], accept filters [false], random [true].
2020-05-27 10:21:13,255 INFO [localhost-startStop-1] o.a.c.core.AprLifecycleListener [DirectJDKLog.java : 180] APR/OpenSSL configuration: useAprConnector [false], useOpenSSL [true]
2020-05-27 10:21:14,417 INFO [localhost-startStop-1] o.a.c.core.AprLifecycleListener [DirectJDKLog.java : 180] OpenSSL successfully initialized [OpenSSL 1.0.2l  25 May 2017]
2020-05-27 10:21:14,657 INFO [localhost-startStop-1] o.a.c.c.C.[.[.[/movie-user] [DirectJDKLog.java : 180] Initializing Spring embedded WebApplicationContext
2020-05-27 10:21:14,658 INFO [localhost-startStop-1] o.s.web.context.ContextLoader [ServletWebServerApplicationContext.java : 285] Root WebApplicationContext: initialization completed in 8532 ms
2020-05-27 10:21:16,715 INFO [localhost-startStop-1] o.s.b.w.s.ServletRegistrationBean [ServletRegistrationBean.java : 185] Servlet dispatcherServlet mapped to [/]
2020-05-27 10:21:16,725 INFO [localhost-startStop-1] o.s.b.w.s.FilterRegistrationBean [AbstractFilterRegistrationBean.java : 244] Mapping filter: 'characterEncodingFilter' to: [/*]
2020-05-27 10:21:16,725 INFO [localhost-startStop-1] o.s.b.w.s.FilterRegistrationBean [AbstractFilterRegistrationBean.java : 244] Mapping filter: 'hiddenHttpMethodFilter' to: [/*]
2020-05-27 10:21:16,725 INFO [localhost-startStop-1] o.s.b.w.s.FilterRegistrationBean [AbstractFilterRegistrationBean.java : 244] Mapping filter: 'httpPutFormContentFilter' to: [/*]
2020-05-27 10:21:16,725 INFO [localhost-startStop-1] o.s.b.w.s.FilterRegistrationBean [AbstractFilterRegistrationBean.java : 244] Mapping filter: 'requestContextFilter' to: [/*]
2020-05-27 10:21:16,725 INFO [localhost-startStop-1] o.s.b.w.s.FilterRegistrationBean [AbstractFilterRegistrationBean.java : 244] Mapping filter: 'httpTraceFilter' to: [/*]
2020-05-27 10:21:16,725 INFO [localhost-startStop-1] o.s.b.w.s.FilterRegistrationBean [AbstractFilterRegistrationBean.java : 244] Mapping filter: 'webMvcMetricsFilter' to: [/*]
2020-05-27 10:21:17,209 INFO [main] o.s.o.j.LocalContainerEntityManagerFactoryBean [LocalContainerEntityManagerFactoryBean.java : 361] Building JPA container EntityManagerFactory for persistence unit 'primaryPersistenceUnit'
2020-05-27 10:21:17,242 INFO [main] o.h.jpa.internal.util.LogHelper [LogHelper.java : 31] HHH000204: Processing PersistenceUnitInfo [
	name: primaryPersistenceUnit
	...]
2020-05-27 10:21:17,442 INFO [main] org.hibernate.Version [Version.java : 45] HHH000412: Hibernate Core {5.2.16.Final}
2020-05-27 10:21:17,442 INFO [main] org.hibernate.cfg.Environment [Environment.java : 213] HHH000206: hibernate.properties not found
2020-05-27 10:21:17,542 INFO [main] o.h.annotations.common.Version [JavaReflectionManager.java : 66] HCANN000001: Hibernate Commons Annotations {5.0.1.Final}
2020-05-27 10:21:17,874 INFO [main] com.zaxxer.hikari.HikariDataSource [HikariDataSource.java : 110] HikariPool-1 - Starting...
2020-05-27 10:21:18,266 INFO [main] com.zaxxer.hikari.HikariDataSource [HikariDataSource.java : 123] HikariPool-1 - Start completed.
2020-05-27 10:21:18,296 INFO [main] org.hibernate.dialect.Dialect [Dialect.java : 157] HHH000400: Using dialect: org.hibernate.dialect.MySQL5Dialect
2020-05-27 10:21:21,451 INFO [main] o.s.o.j.LocalContainerEntityManagerFactoryBean [AbstractEntityManagerFactoryBean.java : 415] Initialized JPA EntityManagerFactory for persistence unit 'primaryPersistenceUnit'
2020-05-27 10:21:21,490 INFO [main] o.s.o.j.LocalContainerEntityManagerFactoryBean [LocalContainerEntityManagerFactoryBean.java : 361] Building JPA container EntityManagerFactory for persistence unit 'default'
2020-05-27 10:21:21,491 INFO [main] o.h.jpa.internal.util.LogHelper [LogHelper.java : 31] HHH000204: Processing PersistenceUnitInfo [
	name: default
	...]
2020-05-27 10:21:21,587 INFO [main] com.zaxxer.hikari.HikariDataSource [HikariDataSource.java : 110] HikariPool-2 - Starting...
2020-05-27 10:21:21,609 INFO [main] com.zaxxer.hikari.HikariDataSource [HikariDataSource.java : 123] HikariPool-2 - Start completed.
2020-05-27 10:21:21,610 INFO [main] org.hibernate.dialect.Dialect [Dialect.java : 157] HHH000400: Using dialect: org.hibernate.dialect.MySQL5Dialect
2020-05-27 10:21:22,390 INFO [main] o.s.o.j.LocalContainerEntityManagerFactoryBean [AbstractEntityManagerFactoryBean.java : 415] Initialized JPA EntityManagerFactory for persistence unit 'default'
2020-05-27 10:21:25,409 INFO [main] o.s.w.s.h.SimpleUrlHandlerMapping [AbstractUrlHandlerMapping.java : 373] Mapped URL path [/**/favicon.ico] onto handler of type [class org.springframework.web.servlet.resource.ResourceHttpRequestHandler]
2020-05-27 10:21:26,793 INFO [main] o.s.w.s.m.m.a.RequestMappingHandlerAdapter [RequestMappingHandlerAdapter.java : 574] Looking for @ControllerAdvice: org.springframework.boot.web.servlet.context.AnnotationConfigServletWebServerApplicationContext@a4add54: startup date [Wed May 27 10:21:06 CST 2020]; root of context hierarchy
2020-05-27 10:21:27,044 INFO [main] o.s.w.s.m.m.a.RequestMappingHandlerMapping [AbstractHandlerMethodMapping.java : 547] Mapped "{[/mbrcache/cache],methods=[POST]}" onto public org.crow.movie.user.common.db.model.ReturnT<?> org.crow.movie.user.web.api.member.MemberCacheApi.cache(javax.servlet.http.HttpServletRequest,java.util.Map<java.lang.String, java.lang.Object>)
2020-05-27 10:21:27,046 INFO [main] o.s.w.s.m.m.a.RequestMappingHandlerMapping [AbstractHandlerMethodMapping.java : 547] Mapped "{[/mbrcache/search-count],methods=[POST]}" onto public org.crow.movie.user.common.db.model.ReturnT<?> org.crow.movie.user.web.api.member.MemberCacheApi.searchCount(javax.servlet.http.HttpServletRequest,java.util.Map<java.lang.String, java.lang.Object>)
2020-05-27 10:21:27,047 INFO [main] o.s.w.s.m.m.a.RequestMappingHandlerMapping [AbstractHandlerMethodMapping.java : 547] Mapped "{[/mbrcache/dels],methods=[POST]}" onto public org.crow.movie.user.common.db.model.ReturnT<?> org.crow.movie.user.web.api.member.MemberCacheApi.dels(java.lang.String,java.lang.String,java.lang.String)
2020-05-27 10:21:27,049 INFO [main] o.s.w.s.m.m.a.RequestMappingHandlerMapping [AbstractHandlerMethodMapping.java : 547] Mapped "{[/mbrclkadv/search-count],methods=[POST]}" onto public org.crow.movie.user.common.db.model.ReturnT<?> org.crow.movie.user.web.api.member.MemberClickAdvApi.searchCount(javax.servlet.http.HttpServletRequest,java.util.Map<java.lang.String, java.lang.Object>)
2020-05-27 10:21:27,051 INFO [main] o.s.w.s.m.m.a.RequestMappingHandlerMapping [AbstractHandlerMethodMapping.java : 547] Mapped "{[/mbrclkadv/del],methods=[POST]}" onto public org.crow.movie.user.common.db.model.ReturnT<?> org.crow.movie.user.web.api.member.MemberClickAdvApi.del(java.lang.Integer)
2020-05-27 10:21:27,053 INFO [main] o.s.w.s.m.m.a.RequestMappingHandlerMapping [AbstractHandlerMethodMapping.java : 547] Mapped "{[/mbrcomment/search-count],methods=[POST]}" onto public org.crow.movie.user.common.db.model.ReturnT<?> org.crow.movie.user.web.api.member.MemberCommentApi.searchCount(javax.servlet.http.HttpServletRequest,java.util.Map<java.lang.String, java.lang.Object>)
2020-05-27 10:21:27,055 INFO [main] o.s.w.s.m.m.a.RequestMappingHandlerMapping [AbstractHandlerMethodMapping.java : 547] Mapped "{[/mbrcomment/del],methods=[POST]}" onto public org.crow.movie.user.common.db.model.ReturnT<?> org.crow.movie.user.web.api.member.MemberCommentApi.del(java.lang.Integer)
2020-05-27 10:21:27,057 INFO [main] o.s.w.s.m.m.a.RequestMappingHandlerMapping [AbstractHandlerMethodMapping.java : 547] Mapped "{[/mbrcommentup/search-count],methods=[POST]}" onto public org.crow.movie.user.common.db.model.ReturnT<?> org.crow.movie.user.web.api.member.MemberCommentUpApi.searchCount(javax.servlet.http.HttpServletRequest,java.util.Map<java.lang.String, java.lang.Object>)
2020-05-27 10:21:27,059 INFO [main] o.s.w.s.m.m.a.RequestMappingHandlerMapping [AbstractHandlerMethodMapping.java : 547] Mapped "{[/mbrexchange/search-count],methods=[POST]}" onto public org.crow.movie.user.common.db.model.ReturnT<?> org.crow.movie.user.web.api.member.MemberExchangeApi.searchCount(javax.servlet.http.HttpServletRequest,java.util.Map<java.lang.String, java.lang.Object>)
2020-05-27 10:21:27,060 INFO [main] o.s.w.s.m.m.a.RequestMappingHandlerMapping [AbstractHandlerMethodMapping.java : 547] Mapped "{[/mbrexchange/del],methods=[POST]}" onto public org.crow.movie.user.common.db.model.ReturnT<?> org.crow.movie.user.web.api.member.MemberExchangeApi.del(java.lang.Integer)
2020-05-27 10:21:27,069 INFO [main] o.s.w.s.m.m.a.RequestMappingHandlerMapping [AbstractHandlerMethodMapping.java : 547] Mapped "{[/mbrfeedback/status],methods=[POST]}" onto public org.crow.movie.user.common.db.model.ReturnT<?> org.crow.movie.user.web.api.member.MemberFeedbackApi.status(javax.servlet.http.HttpServletRequest,java.lang.Integer)
2020-05-27 10:21:27,070 INFO [main] o.s.w.s.m.m.a.RequestMappingHandlerMapping [AbstractHandlerMethodMapping.java : 547] Mapped "{[/mbrfeedback/search-count],methods=[POST]}" onto public org.crow.movie.user.common.db.model.ReturnT<?> org.crow.movie.user.web.api.member.MemberFeedbackApi.searchCount(javax.servlet.http.HttpServletRequest,java.util.Map<java.lang.String, java.lang.Object>)
2020-05-27 10:21:27,073 INFO [main] o.s.w.s.m.m.a.RequestMappingHandlerMapping [AbstractHandlerMethodMapping.java : 547] Mapped "{[/mbrhistory/search-count],methods=[POST]}" onto public org.crow.movie.user.common.db.model.ReturnT<?> org.crow.movie.user.web.api.member.MemberHistoryApi.searchCount(javax.servlet.http.HttpServletRequest,java.util.Map<java.lang.String, java.lang.Object>)
2020-05-27 10:21:27,074 INFO [main] o.s.w.s.m.m.a.RequestMappingHandlerMapping [AbstractHandlerMethodMapping.java : 547] Mapped "{[/mbrhistory/del],methods=[POST]}" onto public org.crow.movie.user.common.db.model.ReturnT<?> org.crow.movie.user.web.api.member.MemberHistoryApi.del(java.lang.Integer)
2020-05-27 10:21:27,084 INFO [main] o.s.w.s.m.m.a.RequestMappingHandlerMapping [AbstractHandlerMethodMapping.java : 547] Mapped "{[/mbrinfo/add],methods=[POST]}" onto public org.crow.movie.user.common.db.model.ReturnT<?> org.crow.movie.user.web.api.member.MemberInfoApi.add(javax.servlet.http.HttpServletRequest,java.util.Map<java.lang.String, java.lang.Object>)
2020-05-27 10:21:27,085 INFO [main] o.s.w.s.m.m.a.RequestMappingHandlerMapping [AbstractHandlerMethodMapping.java : 547] Mapped "{[/mbrinfo/status],methods=[POST]}" onto public org.crow.movie.user.common.db.model.ReturnT<?> org.crow.movie.user.web.api.member.MemberInfoApi.status(javax.servlet.http.HttpServletRequest,java.lang.Integer)
2020-05-27 10:21:27,086 INFO [main] o.s.w.s.m.m.a.RequestMappingHandlerMapping [AbstractHandlerMethodMapping.java : 547] Mapped "{[/mbrinfo/details],methods=[POST]}" onto public org.crow.movie.user.common.db.model.ReturnT<?> org.crow.movie.user.web.api.member.MemberInfoApi.details(javax.servlet.http.HttpServletRequest,java.lang.Integer)
2020-05-27 10:21:27,087 INFO [main] o.s.w.s.m.m.a.RequestMappingHandlerMapping [AbstractHandlerMethodMapping.java : 547] Mapped "{[/mbrinfo/search-count],methods=[POST]}" onto public org.crow.movie.user.common.db.model.ReturnT<?> org.crow.movie.user.web.api.member.MemberInfoApi.searchCount(javax.servlet.http.HttpServletRequest,java.util.Map<java.lang.String, java.lang.Object>)
2020-05-27 10:21:27,089 INFO [main] o.s.w.s.m.m.a.RequestMappingHandlerMapping [AbstractHandlerMethodMapping.java : 547] Mapped "{[/mbrinfo/changpwd],methods=[POST]}" onto public org.crow.movie.user.common.db.model.ReturnT<?> org.crow.movie.user.web.api.member.MemberInfoApi.changPwd(javax.servlet.http.HttpServletRequest,java.lang.String,java.lang.String)
2020-05-27 10:21:27,090 INFO [main] o.s.w.s.m.m.a.RequestMappingHandlerMapping [AbstractHandlerMethodMapping.java : 547] Mapped "{[/mbrinfo/edit],methods=[POST]}" onto public org.crow.movie.user.common.db.model.ReturnT<?> org.crow.movie.user.web.api.member.MemberInfoApi.edit(javax.servlet.http.HttpServletRequest,java.lang.String)
2020-05-27 10:21:27,091 INFO [main] o.s.w.s.m.m.a.RequestMappingHandlerMapping [AbstractHandlerMethodMapping.java : 547] Mapped "{[/mbrinfo/del],methods=[POST]}" onto public org.crow.movie.user.common.db.model.ReturnT<?> org.crow.movie.user.web.api.member.MemberInfoApi.del(javax.servlet.http.HttpServletRequest,java.lang.Integer)
2020-05-27 10:21:27,096 INFO [main] o.s.w.s.m.m.a.RequestMappingHandlerMapping [AbstractHandlerMethodMapping.java : 547] Mapped "{[/mbrlike/search-count],methods=[POST]}" onto public org.crow.movie.user.common.db.model.ReturnT<?> org.crow.movie.user.web.api.member.MemberLikeApi.searchCount(javax.servlet.http.HttpServletRequest,java.util.Map<java.lang.String, java.lang.Object>)
2020-05-27 10:21:27,098 INFO [main] o.s.w.s.m.m.a.RequestMappingHandlerMapping [AbstractHandlerMethodMapping.java : 547] Mapped "{[/mbrlike/dels],methods=[POST]}" onto public org.crow.movie.user.common.db.model.ReturnT<?> org.crow.movie.user.web.api.member.MemberLikeApi.dels(java.lang.String,java.lang.String)
2020-05-27 10:21:27,099 INFO [main] o.s.w.s.m.m.a.RequestMappingHandlerMapping [AbstractHandlerMethodMapping.java : 547] Mapped "{[/mbrlike/like],methods=[POST]}" onto public org.crow.movie.user.common.db.model.ReturnT<?> org.crow.movie.user.web.api.member.MemberLikeApi.like(java.lang.String,java.lang.Integer,java.lang.Integer)
2020-05-27 10:21:27,101 INFO [main] o.s.w.s.m.m.a.RequestMappingHandlerMapping [AbstractHandlerMethodMapping.java : 547] Mapped "{[/attr/feedback-type],methods=[POST]}" onto public org.crow.movie.user.common.db.model.ReturnT<?> org.crow.movie.user.web.api.member.MemberMessageApi.feedbackType()
2020-05-27 10:21:27,118 INFO [main] o.s.w.s.m.m.a.RequestMappingHandlerMapping [AbstractHandlerMethodMapping.java : 547] Mapped "{[/mbrmovieupdown/search-count],methods=[POST]}" onto public org.crow.movie.user.common.db.model.ReturnT<?> org.crow.movie.user.web.api.member.MemberMovieUpDownApi.searchCount(javax.servlet.http.HttpServletRequest,java.util.Map<java.lang.String, java.lang.Object>)
2020-05-27 10:21:27,121 INFO [main] o.s.w.s.m.m.a.RequestMappingHandlerMapping [AbstractHandlerMethodMapping.java : 547] Mapped "{[/mbrmovieupdown/del],methods=[POST]}" onto public org.crow.movie.user.common.db.model.ReturnT<?> org.crow.movie.user.web.api.member.MemberMovieUpDownApi.del(java.lang.Integer)
2020-05-27 10:21:27,123 INFO [main] o.s.w.s.m.m.a.RequestMappingHandlerMapping [AbstractHandlerMethodMapping.java : 547] Mapped "{[/mbropen/search-count],methods=[POST]}" onto public org.crow.movie.user.common.db.model.ReturnT<?> org.crow.movie.user.web.api.member.MemberOpenApi.searchCount(javax.servlet.http.HttpServletRequest,java.util.Map<java.lang.String, java.lang.Object>)
2020-05-27 10:21:27,123 INFO [main] o.s.w.s.m.m.a.RequestMappingHandlerMapping [AbstractHandlerMethodMapping.java : 547] Mapped "{[/mbropen/del],methods=[POST]}" onto public org.crow.movie.user.common.db.model.ReturnT<?> org.crow.movie.user.web.api.member.MemberOpenApi.del(java.lang.Integer)
2020-05-27 10:21:27,126 INFO [main] o.s.w.s.m.m.a.RequestMappingHandlerMapping [AbstractHandlerMethodMapping.java : 547] Mapped "{[/mbrpromo/search-count],methods=[POST]}" onto public org.crow.movie.user.common.db.model.ReturnT<?> org.crow.movie.user.web.api.member.MemberPromoApi.searchCount(javax.servlet.http.HttpServletRequest,java.util.Map<java.lang.String, java.lang.Object>)
2020-05-27 10:21:27,127 INFO [main] o.s.w.s.m.m.a.RequestMappingHandlerMapping [AbstractHandlerMethodMapping.java : 547] Mapped "{[/mbrpromo/del],methods=[POST]}" onto public org.crow.movie.user.common.db.model.ReturnT<?> org.crow.movie.user.web.api.member.MemberPromoApi.del(java.lang.Integer)
2020-05-27 10:21:27,129 INFO [main] o.s.w.s.m.m.a.RequestMappingHandlerMapping [AbstractHandlerMethodMapping.java : 547] Mapped "{[/mbrsave/search-count],methods=[POST]}" onto public org.crow.movie.user.common.db.model.ReturnT<?> org.crow.movie.user.web.api.member.MemberSaveApi.searchCount(javax.servlet.http.HttpServletRequest,java.util.Map<java.lang.String, java.lang.Object>)
2020-05-27 10:21:27,132 INFO [main] o.s.w.s.m.m.a.RequestMappingHandlerMapping [AbstractHandlerMethodMapping.java : 547] Mapped "{[/mbrvip/search-count],methods=[POST]}" onto public org.crow.movie.user.common.db.model.ReturnT<?> org.crow.movie.user.web.api.member.MemberVipApi.searchCount(javax.servlet.http.HttpServletRequest,java.util.Map<java.lang.String, java.lang.Object>)
2020-05-27 10:21:27,133 INFO [main] o.s.w.s.m.m.a.RequestMappingHandlerMapping [AbstractHandlerMethodMapping.java : 547] Mapped "{[/public/mbrfeedback/add],methods=[POST]}" onto public org.crow.movie.user.common.db.model.ReturnT<?> org.crow.movie.user.web.api.member.outside.MemberFeedbackPublicApi.add(javax.servlet.http.HttpServletRequest,java.util.Map<java.lang.String, java.lang.Object>,org.springframework.web.multipart.MultipartFile)
2020-05-27 10:21:27,136 INFO [main] o.s.w.s.m.m.a.RequestMappingHandlerMapping [AbstractHandlerMethodMapping.java : 547] Mapped "{[/public/mbrinfo/save-qrcode],methods=[POST]}" onto public org.crow.movie.user.common.db.model.ReturnT<?> org.crow.movie.user.web.api.member.outside.MemberInfoPublicApi.saveQrcode(javax.servlet.http.HttpServletRequest,java.util.Map<java.lang.String, java.lang.Object>)
2020-05-27 10:21:27,137 INFO [main] o.s.w.s.m.m.a.RequestMappingHandlerMapping [AbstractHandlerMethodMapping.java : 547] Mapped "{[/public/mbrinfo/detail],methods=[POST]}" onto public org.crow.movie.user.common.db.model.ReturnT<?> org.crow.movie.user.web.api.member.outside.MemberInfoPublicApi.detail(javax.servlet.http.HttpServletRequest,java.util.Map<java.lang.String, java.lang.Object>)
2020-05-27 10:21:27,139 INFO [main] o.s.w.s.m.m.a.RequestMappingHandlerMapping [AbstractHandlerMethodMapping.java : 547] Mapped "{[/some/search-count],methods=[POST]}" onto public org.crow.movie.user.common.db.model.ReturnT<?> org.crow.movie.user.web.api.member.SomeApi.searchCount(javax.servlet.http.HttpServletRequest,java.util.Map<java.lang.String, java.lang.Object>)
2020-05-27 10:21:27,142 INFO [main] o.s.w.s.m.m.a.RequestMappingHandlerMapping [AbstractHandlerMethodMapping.java : 547] Mapped "{[/register],methods=[POST]}" onto public org.crow.movie.user.common.db.model.ReturnT<java.lang.String> org.crow.movie.user.web.api.permission.MemberPermission.register(javax.servlet.http.HttpServletRequest,javax.servlet.http.HttpServletResponse,java.util.Map<java.lang.String, java.lang.Object>)
2020-05-27 10:21:27,143 INFO [main] o.s.w.s.m.m.a.RequestMappingHandlerMapping [AbstractHandlerMethodMapping.java : 547] Mapped "{[/isAlive]}" onto public java.lang.String org.crow.movie.user.web.api.permission.MemberPermission.isAlive()
2020-05-27 10:21:27,144 INFO [main] o.s.w.s.m.m.a.RequestMappingHandlerMapping [AbstractHandlerMethodMapping.java : 547] Mapped "{[/login],methods=[POST]}" onto public org.crow.movie.user.common.db.model.ReturnT<java.lang.String> org.crow.movie.user.web.api.permission.MemberPermission.loginDo(javax.servlet.http.HttpServletRequest,javax.servlet.http.HttpServletResponse,java.lang.String,java.lang.String,java.lang.String)
2020-05-27 10:21:27,145 INFO [main] o.s.w.s.m.m.a.RequestMappingHandlerMapping [AbstractHandlerMethodMapping.java : 547] Mapped "{[/logout],methods=[POST]}" onto public org.crow.movie.user.common.db.model.ReturnT<java.lang.String> org.crow.movie.user.web.api.permission.MemberPermission.logout(javax.servlet.http.HttpServletRequest,javax.servlet.http.HttpServletResponse)
2020-05-27 10:21:27,146 INFO [main] o.s.w.s.m.m.a.RequestMappingHandlerMapping [AbstractHandlerMethodMapping.java : 547] Mapped "{[/token/private],methods=[POST]}" onto public org.crow.movie.user.common.db.model.ReturnT<?> org.crow.movie.user.web.api.permission.TokenPermission.getToken(javax.servlet.http.HttpServletRequest,javax.servlet.http.HttpServletResponse,java.lang.String,java.lang.String)
2020-05-27 10:21:27,147 INFO [main] o.s.w.s.m.m.a.RequestMappingHandlerMapping [AbstractHandlerMethodMapping.java : 547] Mapped "{[/token/public],methods=[POST]}" onto public org.crow.movie.user.common.db.model.ReturnT<?> org.crow.movie.user.web.api.permission.TokenPermission.getPublicToken(java.lang.String,java.lang.String)
2020-05-27 10:21:27,151 INFO [main] o.s.w.s.m.m.a.RequestMappingHandlerMapping [AbstractHandlerMethodMapping.java : 547] Mapped "{[/error]}" onto public org.springframework.http.ResponseEntity<java.util.Map<java.lang.String, java.lang.Object>> org.springframework.boot.autoconfigure.web.servlet.error.BasicErrorController.error(javax.servlet.http.HttpServletRequest)
2020-05-27 10:21:27,153 INFO [main] o.s.w.s.m.m.a.RequestMappingHandlerMapping [AbstractHandlerMethodMapping.java : 547] Mapped "{[/error],produces=[text/html]}" onto public org.springframework.web.servlet.ModelAndView org.springframework.boot.autoconfigure.web.servlet.error.BasicErrorController.errorHtml(javax.servlet.http.HttpServletRequest,javax.servlet.http.HttpServletResponse)
2020-05-27 10:21:27,275 INFO [main] o.s.w.s.h.SimpleUrlHandlerMapping [AbstractUrlHandlerMapping.java : 373] Mapped URL path [/webjars/**] onto handler of type [class org.springframework.web.servlet.resource.ResourceHttpRequestHandler]
2020-05-27 10:21:27,276 INFO [main] o.s.w.s.h.SimpleUrlHandlerMapping [AbstractUrlHandlerMapping.java : 373] Mapped URL path [/static/**] onto handler of type [class org.springframework.web.servlet.resource.ResourceHttpRequestHandler]
2020-05-27 10:21:27,343 INFO [main] o.s.w.s.m.m.a.ExceptionHandlerExceptionResolver [ExceptionHandlerExceptionResolver.java : 288] Detected @ExceptionHandler methods in globalExceptionHandler
2020-05-27 10:21:28,416 INFO [main] o.s.b.a.e.web.EndpointLinksResolver [EndpointLinksResolver.java : 59] Exposing 2 endpoint(s) beneath base path '/actuator'
2020-05-27 10:21:28,456 INFO [main] o.s.b.a.e.w.s.WebMvcEndpointHandlerMapping [AbstractHandlerMethodMapping.java : 547] Mapped "{[/actuator/health],methods=[GET],produces=[application/vnd.spring-boot.actuator.v2+json || application/json]}" onto public java.lang.Object org.springframework.boot.actuate.endpoint.web.servlet.AbstractWebMvcEndpointHandlerMapping$OperationHandler.handle(javax.servlet.http.HttpServletRequest,java.util.Map<java.lang.String, java.lang.String>)
2020-05-27 10:21:28,458 INFO [main] o.s.b.a.e.w.s.WebMvcEndpointHandlerMapping [AbstractHandlerMethodMapping.java : 547] Mapped "{[/actuator/info],methods=[GET],produces=[application/vnd.spring-boot.actuator.v2+json || application/json]}" onto public java.lang.Object org.springframework.boot.actuate.endpoint.web.servlet.AbstractWebMvcEndpointHandlerMapping$OperationHandler.handle(javax.servlet.http.HttpServletRequest,java.util.Map<java.lang.String, java.lang.String>)
2020-05-27 10:21:28,460 INFO [main] o.s.b.a.e.w.s.WebMvcEndpointHandlerMapping [AbstractHandlerMethodMapping.java : 547] Mapped "{[/actuator],methods=[GET],produces=[application/vnd.spring-boot.actuator.v2+json || application/json]}" onto protected java.util.Map<java.lang.String, java.util.Map<java.lang.String, org.springframework.boot.actuate.endpoint.web.Link>> org.springframework.boot.actuate.endpoint.web.servlet.WebMvcEndpointHandlerMapping.links(javax.servlet.http.HttpServletRequest,javax.servlet.http.HttpServletResponse)
2020-05-27 10:21:28,662 INFO [main] o.s.j.e.a.AnnotationMBeanExporter [MBeanExporter.java : 433] Registering beans for JMX exposure on startup
2020-05-27 10:21:28,665 INFO [main] o.s.j.e.a.AnnotationMBeanExporter [MBeanExporter.java : 895] Bean with name 'primaryDataSource' has been autodetected for JMX exposure
2020-05-27 10:21:28,666 INFO [main] o.s.j.e.a.AnnotationMBeanExporter [MBeanExporter.java : 895] Bean with name 'secondaryDataSource' has been autodetected for JMX exposure
2020-05-27 10:21:28,680 INFO [main] o.s.j.e.a.AnnotationMBeanExporter [MBeanExporter.java : 668] Located MBean 'primaryDataSource': registering with JMX server as MBean [com.zaxxer.hikari:name=primaryDataSource,type=HikariDataSource]
2020-05-27 10:21:28,683 INFO [main] o.s.j.e.a.AnnotationMBeanExporter [MBeanExporter.java : 668] Located MBean 'secondaryDataSource': registering with JMX server as MBean [com.zaxxer.hikari:name=secondaryDataSource,type=HikariDataSource]
2020-05-27 10:21:28,714 INFO [main] o.a.coyote.http11.Http11NioProtocol [DirectJDKLog.java : 180] Starting ProtocolHandler ["http-nio-9091"]
2020-05-27 10:21:28,755 INFO [main] o.a.tomcat.util.net.NioSelectorPool [DirectJDKLog.java : 180] Using a shared selector for servlet write/read
2020-05-27 10:21:28,820 INFO [main] o.s.b.w.e.tomcat.TomcatWebServer [TomcatWebServer.java : 206] Tomcat started on port(s): 9091 (http) with context path '/movie-user'
2020-05-27 10:21:28,829 INFO [main] org.crow.movie.user.App [StartupInfoLogger.java : 59] Started App in 23.955 seconds (JVM running for 25.397)
2020-05-27 10:21:38,789 INFO [http-nio-9091-exec-9] o.a.c.c.C.[.[.[/movie-user] [DirectJDKLog.java : 180] Initializing Spring FrameworkServlet 'dispatcherServlet'
2020-05-27 10:21:38,790 INFO [http-nio-9091-exec-9] o.s.web.servlet.DispatcherServlet [FrameworkServlet.java : 494] FrameworkServlet 'dispatcherServlet': initialization started
2020-05-27 10:21:38,904 INFO [http-nio-9091-exec-9] o.s.web.servlet.DispatcherServlet [FrameworkServlet.java : 509] FrameworkServlet 'dispatcherServlet': initialization completed in 114 ms
2020-05-27 10:21:41,735 ERROR [http-nio-9091-exec-9] java.lang.Class [InterceptorFunc.java : 22] InterceptorFunc.preHandle>>>{"code":"404","msg":"token无效","data":null}
2020-05-27 10:22:25,751 INFO [http-nio-9091-exec-8] o.c.m.u.common.db.dao.MemberInfoDao [AbstractBaseDao.java : 414] hql>>>from org.crow.movie.user.common.db.entity.MemberInfo where 1 = 1 and account = :eq0
2020-05-27 10:22:25,810 INFO [http-nio-9091-exec-8] o.h.h.i.QueryTranslatorFactoryInitiator [QueryTranslatorFactoryInitiator.java : 47] HHH000397: Using ASTQueryTranslatorFactory
2020-05-27 10:22:26,437 INFO [http-nio-9091-exec-8] o.h.e.i.StatisticalLoggingSessionEventListener [StatisticalLoggingSessionEventListener.java : 258] Session Metrics {
    2191400 nanoseconds spent acquiring 1 JDBC connections;
    0 nanoseconds spent releasing 0 JDBC connections;
    47507400 nanoseconds spent preparing 1 JDBC statements;
    11860200 nanoseconds spent executing 1 JDBC statements;
    0 nanoseconds spent executing 0 JDBC batches;
    0 nanoseconds spent performing 0 L2C puts;
    0 nanoseconds spent performing 0 L2C hits;
    0 nanoseconds spent performing 0 L2C misses;
    0 nanoseconds spent executing 0 flushes (flushing a total of 0 entities and 0 collections);
    0 nanoseconds spent executing 0 partial-flushes (flushing a total of 0 entities and 0 collections)
}
2020-05-27 10:22:54,950 INFO [http-nio-9091-exec-7] o.c.m.u.w.a.m.o.MemberInfoPublicApi [MemberInfoPublicApi.java : 86] public.mbrinfo.detail>>>enter,recive data=[]
2020-05-27 10:22:55,012 INFO [http-nio-9091-exec-7] o.c.m.user.common.db.dao.AppCdnDao [AbstractBaseDao.java : 414] hql>>>from org.crow.movie.user.common.db.entity.AppCdn where 1 = 1 and status = :eq0
2020-05-27 10:22:55,039 INFO [http-nio-9091-exec-7] o.c.m.u.common.db.dao.AppConfigDao [AbstractBaseDao.java : 414] hql>>>from org.crow.movie.user.common.db.entity.AppConfig where 1 = 1
2020-05-27 10:22:55,132 INFO [http-nio-9091-exec-7] o.c.m.user.common.db.dao.AppLevelDao [AbstractBaseDao.java : 414] hql>>>from org.crow.movie.user.common.db.entity.AppLevel where 1 = 1 and promoLimit > :custome0 order by grade asc
2020-05-27 10:22:55,191 INFO [http-nio-9091-exec-7] o.c.m.u.common.db.dao.MemberPromoDao [AbstractBaseDao.java : 414] hql>>>select count(1) from org.crow.movie.user.common.db.entity.MemberPromo where 1 = 1  and memberId = :eq0
2020-05-27 10:22:55,255 INFO [http-nio-9091-exec-7] o.h.e.i.StatisticalLoggingSessionEventListener [StatisticalLoggingSessionEventListener.java : 258] Session Metrics {
    1150000 nanoseconds spent acquiring 1 JDBC connections;
    0 nanoseconds spent releasing 0 JDBC connections;
    3177200 nanoseconds spent preparing 6 JDBC statements;
    17731400 nanoseconds spent executing 6 JDBC statements;
    0 nanoseconds spent executing 0 JDBC batches;
    0 nanoseconds spent performing 0 L2C puts;
    0 nanoseconds spent performing 0 L2C hits;
    0 nanoseconds spent performing 0 L2C misses;
    2925000 nanoseconds spent executing 1 flushes (flushing a total of 9 entities and 0 collections);
    15108900 nanoseconds spent executing 4 partial-flushes (flushing a total of 9 entities and 9 collections)
}
